[INFO] Scanning for projects...
[INFO] Inspecting build with total of 1 modules...
[INFO] Installing Nexus Staging features:
[INFO]   ... total of 1 executions of maven-deploy-plugin replaced with nexus-staging-maven-plugin
[INFO]
[INFO] --------------------< de.cuioss.nifi:e-2-e-cypress >--------------------
[INFO] Building NiFi Extensions :: End-to-End Cypress Tests 1.0-SNAPSHOT
[INFO]   from pom.xml
[INFO] --------------------------------[ pom ]---------------------------------
[INFO]
[INFO] --- clean:3.4.0:clean (default-clean) @ e-2-e-cypress ---
[INFO] Deleting /Users/oliver/git/nifi-extensions/e-2-e-cypress/target
[INFO]
[INFO] --- enforcer:3.5.0:enforce (enforce-maven-version) @ e-2-e-cypress ---
[INFO] Rule 0: org.apache.maven.enforcer.rules.BanDuplicatePomDependencyVersions passed
[INFO] Rule 1: org.apache.maven.enforcer.rules.RequireSameVersions passed
[INFO] Rule 2: org.apache.maven.enforcer.rules.version.RequireMavenVersion passed
[INFO] Rule 3: org.apache.maven.enforcer.rules.dependency.RequireReleaseDeps passed
[INFO] Rule 4: org.apache.maven.enforcer.rules.dependency.BannedDependencies passed
[INFO]
[INFO] --- enforcer:3.5.0:enforce (enforce-java-version) @ e-2-e-cypress ---
[INFO] Rule 0: org.apache.maven.enforcer.rules.version.RequireJavaVersion passed
[INFO]
[INFO] --- frontend:1.15.1:install-node-and-npm (install-node-and-npm) @ e-2-e-cypress ---
[INFO] Installing node version v20.19.2
[INFO] Unpacking /Users/oliver/.m2/repository/com/github/eirslett/node/20.19.2/node-20.19.2-darwin-arm64.tar.gz into /Users/oliver/git/nifi-extensions/e-2-e-cypress/target/node/tmp
[INFO] Copying node binary from /Users/oliver/git/nifi-extensions/e-2-e-cypress/target/node/tmp/node-v20.19.2-darwin-arm64/bin/node to /Users/oliver/git/nifi-extensions/e-2-e-cypress/target/node/node
[INFO] Installed node locally.
[INFO] Installing npm version 10.5.0
[INFO] Unpacking /Users/oliver/.m2/repository/com/github/eirslett/npm/10.5.0/npm-10.5.0.tar.gz into /Users/oliver/git/nifi-extensions/e-2-e-cypress/target/node/node_modules
[INFO] Installed npm locally.
[INFO]
[INFO] --- frontend:1.15.1:npm (npm-install) @ e-2-e-cypress ---
[INFO] Running 'npm install' in /Users/oliver/git/nifi-extensions/e-2-e-cypress
[INFO]
[INFO] up to date, audited 655 packages in 1s
[INFO]
[INFO] 98 packages are looking for funding
[INFO]   run `npm fund` for details
[INFO]
[INFO] found 0 vulnerabilities
[INFO]
[INFO] --- remote-resources:3.2.0:process (process-resource-bundles) @ e-2-e-cypress ---
[INFO] Preparing remote bundle org.apache.apache.resources:apache-jar-resource-bundle:1.5
[INFO] Copying 3 resources from 1 bundle.
[INFO]
[INFO] --- frontend:1.15.1:npm (npm-lint) @ e-2-e-cypress ---
[INFO] Skipping execution.
[INFO]
[INFO] --- exec:3.1.0:exec (start-integration-containers) @ e-2-e-cypress ---
Calling copy-deployment.sh to build and copy the NAR file...
Building NAR file...
[INFO] Scanning for projects...
[INFO] Inspecting build with total of 5 modules...
[INFO] Installing Nexus Staging features:
[INFO]   ... total of 5 executions of maven-deploy-plugin replaced with nexus-staging-maven-plugin
[INFO] ------------------------------------------------------------------------
[INFO] Reactor Build Order:
[INFO]
[INFO] Apache Nifi extensions                                             [pom]
[INFO] nifi-cuioss-processors                                             [jar]
[INFO] nifi-cuioss-ui                                                     [war]
[INFO] nifi-cuioss-nar                                                    [nar]
[INFO] Integration Testing                                                [jar]
[INFO]
[INFO] -------------------< de.cuioss.nifi:nifi-extensions >-------------------
[INFO] Building Apache Nifi extensions 1.0-SNAPSHOT                       [1/5]
[INFO]   from pom.xml
[INFO] --------------------------------[ pom ]---------------------------------
[INFO]
[INFO] --- enforcer:3.5.0:enforce (enforce-maven-version) @ nifi-extensions ---
[INFO] Rule 0: org.apache.maven.enforcer.rules.BanDuplicatePomDependencyVersions passed
[INFO] Rule 1: org.apache.maven.enforcer.rules.RequireSameVersions passed
[INFO] Rule 2: org.apache.maven.enforcer.rules.version.RequireMavenVersion passed
[INFO] Rule 3: org.apache.maven.enforcer.rules.dependency.RequireReleaseDeps passed
[INFO] Rule 4: org.apache.maven.enforcer.rules.dependency.BannedDependencies passed
[INFO]
[INFO] --- enforcer:3.5.0:enforce (enforce-java-version) @ nifi-extensions ---
[INFO] Rule 0: org.apache.maven.enforcer.rules.version.RequireJavaVersion passed
[INFO]
[INFO] --- remote-resources:3.2.0:process (process-resource-bundles) @ nifi-extensions ---
[INFO] Preparing remote bundle org.apache.apache.resources:apache-jar-resource-bundle:1.5
[INFO] Copying 3 resources from 1 bundle.
[INFO]
[INFO] ---------------< de.cuioss.nifi:nifi-cuioss-processors >----------------
[INFO] Building nifi-cuioss-processors 1.0-SNAPSHOT                       [2/5]
[INFO]   from nifi-cuioss-processors/pom.xml
[INFO] --------------------------------[ jar ]---------------------------------
[INFO]
[INFO] --- enforcer:3.5.0:enforce (enforce-maven-version) @ nifi-cuioss-processors ---
[INFO] Skipping Rule Enforcement.
[INFO]
[INFO] --- enforcer:3.5.0:enforce (enforce-java-version) @ nifi-cuioss-processors ---
[INFO] Skipping Rule Enforcement.
[INFO]
[INFO] --- remote-resources:3.2.0:process (process-resource-bundles) @ nifi-cuioss-processors ---
[INFO] Preparing remote bundle org.apache.apache.resources:apache-jar-resource-bundle:1.5
[INFO] Copying 3 resources from 1 bundle.
[INFO]
[INFO] --- resources:3.3.1:resources (default-resources) @ nifi-cuioss-processors ---
[INFO] Copying 3 resources from src/main/resources to target/classes
[INFO] Copying 3 resources from target/maven-shared-archive-resources to target/classes
[INFO]
[INFO] --- compiler:3.14.0:compile (default-compile) @ nifi-cuioss-processors ---
[INFO] Nothing to compile - all classes are up to date.
[INFO]
[INFO] --- resources:3.3.1:testResources (default-testResources) @ nifi-cuioss-processors ---
[INFO] skip non existing resourceDirectory /Users/oliver/git/nifi-extensions/nifi-cuioss-processors/src/test/resources
[INFO] Copying 3 resources from target/maven-shared-archive-resources to target/test-classes
[INFO]
[INFO] --- compiler:3.14.0:testCompile (default-testCompile) @ nifi-cuioss-processors ---
[INFO] Nothing to compile - all classes are up to date.
[INFO]
[INFO] --- surefire:3.5.1:test (default-test) @ nifi-cuioss-processors ---
[INFO] Tests are skipped.
[INFO]
[INFO] --- jar:3.4.2:jar (default-jar) @ nifi-cuioss-processors ---
[INFO]
[INFO] -------------------< de.cuioss.nifi:nifi-cuioss-ui >--------------------
[INFO] Building nifi-cuioss-ui 1.0-SNAPSHOT                               [3/5]
[INFO]   from nifi-cuioss-ui/pom.xml
[INFO] --------------------------------[ war ]---------------------------------
[INFO]
[INFO] --- enforcer:3.5.0:enforce (enforce-maven-version) @ nifi-cuioss-ui ---
[INFO] Skipping Rule Enforcement.
[INFO]
[INFO] --- enforcer:3.5.0:enforce (enforce-java-version) @ nifi-cuioss-ui ---
[INFO] Skipping Rule Enforcement.
[INFO]
[INFO] --- remote-resources:3.2.0:process (process-resource-bundles) @ nifi-cuioss-ui ---
[INFO] Preparing remote bundle org.apache.apache.resources:apache-jar-resource-bundle:1.5
[INFO] Copying 3 resources from 1 bundle.
[INFO]
[INFO] --- frontend:1.15.1:install-node-and-npm (install-node-and-npm) @ nifi-cuioss-ui ---
[INFO] Node v20.19.2 is already installed.
[INFO] NPM 10.5.0 is already installed.
[INFO]
[INFO] --- frontend:1.15.1:npm (npm-install) @ nifi-cuioss-ui ---
[INFO] Running 'npm install' in /Users/oliver/git/nifi-extensions/nifi-cuioss-ui
[INFO]
[INFO] up to date, audited 764 packages in 2s
[INFO]
[INFO] 180 packages are looking for funding
[INFO]   run `npm fund` for details
[INFO]
[INFO] 1 low severity vulnerability
[INFO]
[INFO] To address all issues, run:
[INFO]   npm audit fix
[INFO]
[INFO] Run `npm audit` for details.
[INFO]
[INFO] --- resources:3.3.1:resources (default-resources) @ nifi-cuioss-ui ---
[INFO] skip non existing resourceDirectory /Users/oliver/git/nifi-extensions/nifi-cuioss-ui/src/main/resources
[INFO] Copying 3 resources from target/maven-shared-archive-resources to target/classes
[INFO]
[INFO] --- compiler:3.14.0:compile (default-compile) @ nifi-cuioss-ui ---
[INFO] No sources to compile
[INFO]
[INFO] --- frontend:1.15.1:npm (npm-build) @ nifi-cuioss-ui ---
[INFO] Running 'npm run build' in /Users/oliver/git/nifi-extensions/nifi-cuioss-ui
[INFO]
[INFO] > nifi-cuioss-ui@1.0.0 build
[INFO] > webpack --mode production
[INFO]
[INFO] asset bundle.webpack.js 729 KiB [compared for emit] [big] (name: main)
[INFO] orphan modules 204 KiB [orphan] 14 modules
[INFO] runtime modules 1.13 KiB 5 modules
[INFO] built modules 231 KiB [built]
[INFO]   cacheable modules 231 KiB
[INFO]     ./src/main/webapp/js/main.js + 13 modules 226 KiB [built] [code generated]
[INFO]     ./src/test/js/mocks/nf-common.js 5.21 KiB [built] [code generated]
[INFO]   external "cash" 42 bytes [built] [code generated]
[INFO]   external "tippy" 42 bytes [built] [code generated]
[INFO]
[INFO] WARNING in asset size limit: The following asset(s) exceed the recommended size limit (244 KiB).
[INFO] This can impact web performance.
[INFO] Assets:
[INFO]   bundle.webpack.js (729 KiB)
[INFO]
[INFO] WARNING in entrypoint size limit: The following entrypoint(s) combined asset size exceeds the recommended limit (244 KiB). This can impact web performance.
[INFO] Entrypoints:
[INFO]   main (729 KiB)
[INFO]       bundle.webpack.js
[INFO]
[INFO] WARNING in webpack performance recommendations:
[INFO] You can limit the size of your bundles by using import() or require.ensure to lazy load some parts of your application.
[INFO] For more info visit https://webpack.js.org/guides/code-splitting/
[INFO]
[INFO] webpack 5.99.9 compiled with 3 warnings in 1494 ms
[INFO]
[INFO] --- resources:3.3.1:testResources (default-testResources) @ nifi-cuioss-ui ---
[INFO] skip non existing resourceDirectory /Users/oliver/git/nifi-extensions/nifi-cuioss-ui/src/test/resources
[INFO] Copying 3 resources from target/maven-shared-archive-resources to target/test-classes
[INFO]
[INFO] --- compiler:3.14.0:testCompile (default-testCompile) @ nifi-cuioss-ui ---
[INFO] No sources to compile
[INFO]
[INFO] --- surefire:3.5.1:test (default-test) @ nifi-cuioss-ui ---
[INFO] Tests are skipped.
[INFO]
[INFO] --- frontend:1.15.1:npm (npm-test) @ nifi-cuioss-ui ---
[INFO] Skipping execution.
[INFO]
[INFO] --- war:3.4.0:war (default-war) @ nifi-cuioss-ui ---
[INFO] Packaging webapp
[INFO] Assembling webapp [nifi-cuioss-ui] in [/Users/oliver/git/nifi-extensions/nifi-cuioss-ui/target/nifi-cuioss-ui-1.0-SNAPSHOT]
[INFO] Processing war project
[INFO] Copying webapp resources [/Users/oliver/git/nifi-extensions/nifi-cuioss-ui/src/main/webapp]
[INFO] Processing overlay [ id org.webjars:requirejs]
[INFO] Processing overlay [ id org.webjars.npm:cash-dom]
[INFO] Processing overlay [ id org.webjars.npm:tippy.js]
[INFO] Processing overlay [ id org.webjars.npm:popperjs__core]
[INFO] Building war: /Users/oliver/git/nifi-extensions/nifi-cuioss-ui/target/nifi-cuioss-ui-1.0-SNAPSHOT.war
[INFO] Packaging classes
[INFO] Building jar: /Users/oliver/git/nifi-extensions/nifi-cuioss-ui/target/nifi-cuioss-ui-1.0-SNAPSHOT-classes.jar
[INFO]
[INFO] -------------------< de.cuioss.nifi:nifi-cuioss-nar >-------------------
[INFO] Building nifi-cuioss-nar 1.0-SNAPSHOT                              [4/5]
[INFO]   from nifi-cuioss-nar/pom.xml
[INFO] --------------------------------[ nar ]---------------------------------
[INFO]
[INFO] --- enforcer:3.5.0:enforce (enforce-maven-version) @ nifi-cuioss-nar ---
[INFO] Skipping Rule Enforcement.
[INFO]
[INFO] --- enforcer:3.5.0:enforce (enforce-java-version) @ nifi-cuioss-nar ---
[INFO] Skipping Rule Enforcement.
[INFO]
[INFO] --- remote-resources:3.2.0:process (process-resource-bundles) @ nifi-cuioss-nar ---
[INFO] Preparing remote bundle org.apache.apache.resources:apache-jar-resource-bundle:1.5
[INFO] Copying 3 resources from 1 bundle.
[INFO]
[INFO] --- resources:3.3.1:resources (default-resources) @ nifi-cuioss-nar ---
[INFO] skip non existing resourceDirectory /Users/oliver/git/nifi-extensions/nifi-cuioss-nar/src/main/resources
[INFO] Copying 3 resources from target/maven-shared-archive-resources to target/classes
[INFO]
[INFO] --- compiler:3.14.0:compile (default-compile) @ nifi-cuioss-nar ---
[INFO] No sources to compile
[INFO]
[INFO] --- resources:3.3.1:testResources (default-testResources) @ nifi-cuioss-nar ---
[INFO] skip non existing resourceDirectory /Users/oliver/git/nifi-extensions/nifi-cuioss-nar/src/test/resources
[INFO] Copying 3 resources from target/maven-shared-archive-resources to target/test-classes
[INFO]
[INFO] --- compiler:3.14.0:testCompile (default-testCompile) @ nifi-cuioss-nar ---
[INFO] No sources to compile
[INFO]
[INFO] --- surefire:3.5.1:test (default-test) @ nifi-cuioss-nar ---
[INFO] Tests are skipped.
[INFO]
[INFO] --- nifi-nar:2.1.0:nar (default-nar) @ nifi-cuioss-nar ---
[INFO] Copying nifi-cuioss-ui-1.0-SNAPSHOT.war to /Users/oliver/git/nifi-extensions/nifi-cuioss-nar/target/classes/META-INF/bundled-dependencies/nifi-cuioss-ui-1.0-SNAPSHOT.war
[INFO] Generating documentation for NiFi extensions in the NAR...
[INFO] Found NAR dependency of org.apache.nifi:nifi-standard-services-api-nar:nar:2.4.0:compile
[INFO] Found a dependency on version 2.1.0 of NiFi API
[WARNING] The POM for org.eclipse.jetty.tests:jetty-test-multipart:jar:12.0.19 is missing, no dependency information available
Juni 29, 2025 10:59:00 PM de.cuioss.nifi.processors.auth.MultiIssuerJWTTokenAuthenticator init
INFORMATION: Initializing MultiIssuerJWTTokenAuthenticator processor
Juni 29, 2025 10:59:00 PM de.cuioss.nifi.processors.auth.MultiIssuerJWTTokenAuthenticator init
INFORMATION: MultiIssuerJWTTokenAuthenticator processor initialized with 10 property descriptors
[INFO] Building jar: /Users/oliver/git/nifi-extensions/nifi-cuioss-nar/target/nifi-cuioss-nar-1.0-SNAPSHOT.nar
[INFO]
[INFO] -----------------< de.cuioss.nifi:integration-testing >-----------------
[INFO] Building Integration Testing 1.0-SNAPSHOT                          [5/5]
[INFO]   from integration-testing/pom.xml
[INFO] --------------------------------[ jar ]---------------------------------
[INFO]
[INFO] --- enforcer:3.5.0:enforce (enforce-maven-version) @ integration-testing ---
[INFO] Rule 0: org.apache.maven.enforcer.rules.BanDuplicatePomDependencyVersions passed
[INFO] Rule 1: org.apache.maven.enforcer.rules.RequireSameVersions passed
[INFO] Rule 3: org.apache.maven.enforcer.rules.dependency.RequireReleaseDeps passed
[INFO] Rule 4: org.apache.maven.enforcer.rules.dependency.BannedDependencies passed
[INFO]
[INFO] --- enforcer:3.5.0:enforce (enforce-java-version) @ integration-testing ---
[INFO]
[INFO] --- remote-resources:3.2.0:process (process-resource-bundles) @ integration-testing ---
[INFO] Preparing remote bundle org.apache.apache.resources:apache-jar-resource-bundle:1.5
[INFO] Copying 3 resources from 1 bundle.
[INFO]
[INFO] --- resources:3.3.1:resources (default-resources) @ integration-testing ---
[INFO] skip non existing resourceDirectory /Users/oliver/git/nifi-extensions/integration-testing/src/main/resources
[INFO] Copying 3 resources from target/maven-shared-archive-resources to target/classes
[INFO]
[INFO] --- compiler:3.14.0:compile (default-compile) @ integration-testing ---
[INFO] No sources to compile
[INFO]
[INFO] --- resources:3.3.1:testResources (default-testResources) @ integration-testing ---
[INFO] skip non existing resourceDirectory /Users/oliver/git/nifi-extensions/integration-testing/src/test/resources
[INFO] Copying 3 resources from target/maven-shared-archive-resources to target/test-classes
[INFO]
[INFO] --- compiler:3.14.0:testCompile (default-testCompile) @ integration-testing ---
[INFO] No sources to compile
[INFO]
[INFO] --- surefire:3.5.1:test (default-test) @ integration-testing ---
[INFO] Tests are skipped.
[INFO]
[INFO] --- jar:3.4.2:jar (default-jar) @ integration-testing ---
[INFO] ------------------------------------------------------------------------
[INFO] Reactor Summary for Apache Nifi extensions 1.0-SNAPSHOT:
[INFO]
[INFO] Apache Nifi extensions ............................. SUCCESS [  1.064 s]
[INFO] nifi-cuioss-processors ............................. SUCCESS [  0.855 s]
[INFO] nifi-cuioss-ui ..................................... SUCCESS [  5.069 s]
[INFO] nifi-cuioss-nar .................................... SUCCESS [  3.282 s]
[INFO] Integration Testing ................................ SUCCESS [  0.187 s]
[INFO] ------------------------------------------------------------------------
[INFO] BUILD SUCCESS
[INFO] ------------------------------------------------------------------------
[INFO] Total time:  11.877 s
[INFO] Finished at: 2025-06-29T22:59:01+02:00
[INFO] ------------------------------------------------------------------------
Copying NAR file to target directory...
NAR file has been built and copied to the deployment location.
Starting NiFi environment...
Starting NiFi HTTPS instance on port 9095...
 Container docker-nifi-1  Running
 Container docker-keycloak-1  Running
Waiting for NiFi to be ready...
NiFi will be available at: https://localhost:9095/nifi
Keycloak HTTPS will be available at: https://localhost:9085
Keycloak HTTP admin will be available at: http://localhost:9080
Checking health status with 2-minute timeout...
âœ… NiFi is ready! (Started in 0 seconds)
âœ… NiFi is ready!
ğŸŒ Access NiFi at: https://localhost:9095/nifi
ğŸ”’ Keycloak HTTPS: https://localhost:9085
ğŸ”‘ Keycloak HTTP Admin: http://localhost:9080
Perfect for:
  âœ“ MCP Playwright testing (NiFi HTTP)
  âœ“ Secure authentication (Keycloak HTTPS)
  âœ“ Local development
  âœ“ Integration testing
Keycloak realm: oauth_integration_tests
Test user: testUser, password: drowssap
Test client: test_client, secret: yTKslWLtf4giJcWCaoVJ20H8sy6STexM
[INFO]
[INFO] --- frontend:1.15.1:install-node-and-npm (install-node-and-npm-integration) @ e-2-e-cypress ---
[INFO] Node v20.19.2 is already installed.
[INFO] NPM 10.5.0 is already installed.
[INFO]
[INFO] --- frontend:1.15.1:npm (npm-install-integration) @ e-2-e-cypress ---
[INFO] Running 'npm install' in /Users/oliver/git/nifi-extensions/e-2-e-cypress
[INFO]
[INFO] up to date, audited 655 packages in 913ms
[INFO]
[INFO] 98 packages are looking for funding
[INFO]   run `npm fund` for details
[INFO]
[INFO] found 0 vulnerabilities
[INFO]
[INFO] --- frontend:1.15.1:npm (cypress-tests) @ e-2-e-cypress ---
[INFO] Running 'npm run cypress:run' in /Users/oliver/git/nifi-extensions/e-2-e-cypress
[INFO]
[INFO] > e-2-e-cypress@1.0.0 cypress:run
[INFO] > cypress run
[INFO]
[INFO]
[INFO] DevTools listening on ws://127.0.0.1:59220/devtools/browser/add9188d-0018-4b5f-9e56-faf1b21ddced
[INFO]
[INFO] ================================================================================
[INFO]
[INFO]   (Run Starting)
[INFO]
[INFO]   â”Œâ”€â”€â”€â”€â”€â”€â”€â”€â”€â”€â”€â”€â”€â”€â”€â”€â”€â”€â”€â”€â”€â”€â”€â”€â”€â”€â”€â”€â”€â”€â”€â”€â”€â”€â”€â”€â”€â”€â”€â”€â”€â”€â”€â”€â”€â”€â”€â”€â”€â”€â”€â”€â”€â”€â”€â”€â”€â”€â”€â”€â”€â”€â”€â”€â”€â”€â”€â”€â”€â”€â”€â”€â”€â”€â”€â”€â”€â”€â”€â”€â”€â”€â”€â”€â”€â”€â”€â”€â”€â”€â”€â”€â”€â”€â”€â”€â”
[INFO]   â”‚ Cypress:        14.5.0                                                                         â”‚
[INFO]   â”‚ Browser:        Electron 130 (headless)                                                        â”‚
[INFO]   â”‚ Node Version:   v20.19.2 (/Users/oliver/git/nifi-extensions/e-2-e-cypress/target/node/node)    â”‚
[INFO]   â”‚ Specs:          3 found (01-nifi-authentication.cy.js, 02-processor-testing.cy.js, 03-processo â”‚
[INFO]   â”‚                 r-add-remove.cy.js)                                                            â”‚
[INFO]   â”‚ Searched:       cypress/e2e/**/*.cy.js                                                         â”‚
[INFO]   â””â”€â”€â”€â”€â”€â”€â”€â”€â”€â”€â”€â”€â”€â”€â”€â”€â”€â”€â”€â”€â”€â”€â”€â”€â”€â”€â”€â”€â”€â”€â”€â”€â”€â”€â”€â”€â”€â”€â”€â”€â”€â”€â”€â”€â”€â”€â”€â”€â”€â”€â”€â”€â”€â”€â”€â”€â”€â”€â”€â”€â”€â”€â”€â”€â”€â”€â”€â”€â”€â”€â”€â”€â”€â”€â”€â”€â”€â”€â”€â”€â”€â”€â”€â”€â”€â”€â”€â”€â”€â”€â”€â”€â”€â”€â”€â”€â”˜
[INFO]
[INFO]
[INFO] â”€â”€â”€â”€â”€â”€â”€â”€â”€â”€â”€â”€â”€â”€â”€â”€â”€â”€â”€â”€â”€â”€â”€â”€â”€â”€â”€â”€â”€â”€â”€â”€â”€â”€â”€â”€â”€â”€â”€â”€â”€â”€â”€â”€â”€â”€â”€â”€â”€â”€â”€â”€â”€â”€â”€â”€â”€â”€â”€â”€â”€â”€â”€â”€â”€â”€â”€â”€â”€â”€â”€â”€â”€â”€â”€â”€â”€â”€â”€â”€â”€â”€â”€â”€â”€â”€â”€â”€â”€â”€â”€â”€â”€â”€â”€â”€â”€â”€â”€â”€
[INFO]
[INFO]   Running:  01-nifi-authentication.cy.js                                                    (1 of 3)
[INFO] Warning: The following browser launch options were provided but are not supported by electron
[INFO]
[INFO]  - args
[INFO] [96480:0629/225906.727996:ERROR:trust_store_mac.cc(821)] Error parsing certificate:
[INFO] ERROR: Failed parsing extensions
[INFO]
[INFO]
[INFO]
[INFO]   NiFi Authentication
[INFO] ğŸ—’ï¸ Browser logs saved to: /Users/oliver/git/nifi-extensions/e-2-e-cypress/target/browser-logs/browser-logs-2025-06-29T20-59-09-972Z.json
[INFO]     âœ“ Should login successfully and maintain session
[INFO] ğŸ—’ï¸ Browser logs saved to: /Users/oliver/git/nifi-extensions/e-2-e-cypress/target/browser-logs/browser-logs-2025-06-29T20-59-11-069Z.json
[INFO]     âœ“ Should reject invalid credentials
[INFO] ğŸ—’ï¸ Browser logs saved to: /Users/oliver/git/nifi-extensions/e-2-e-cypress/target/browser-logs/browser-logs-2025-06-29T20-59-11-265Z.json
[INFO]     âœ“ Should logout and clear session
[INFO]
[INFO]
[INFO]   3 passing (2s)
[INFO]
[INFO] [mochawesome] Report JSON saved to /Users/oliver/git/nifi-extensions/e-2-e-cypress/target/tests-report/mochawesome.json
[INFO]
[INFO] [mochawesome] Report HTML saved to /Users/oliver/git/nifi-extensions/e-2-e-cypress/target/tests-report/mochawesome.html
[INFO]
[INFO]
[INFO]   (Results)
[INFO]
[INFO]   â”Œâ”€â”€â”€â”€â”€â”€â”€â”€â”€â”€â”€â”€â”€â”€â”€â”€â”€â”€â”€â”€â”€â”€â”€â”€â”€â”€â”€â”€â”€â”€â”€â”€â”€â”€â”€â”€â”€â”€â”€â”€â”€â”€â”€â”€â”€â”€â”€â”€â”€â”€â”€â”€â”€â”€â”€â”€â”€â”€â”€â”€â”€â”€â”€â”€â”€â”€â”€â”€â”€â”€â”€â”€â”€â”€â”€â”€â”€â”€â”€â”€â”€â”€â”€â”€â”€â”€â”€â”€â”€â”€â”€â”€â”€â”€â”€â”€â”
[INFO]   â”‚ Tests:        3                                                                                â”‚
[INFO]   â”‚ Passing:      3                                                                                â”‚
[INFO]   â”‚ Failing:      0                                                                                â”‚
[INFO]   â”‚ Pending:      0                                                                                â”‚
[INFO]   â”‚ Skipped:      0                                                                                â”‚
[INFO]   â”‚ Screenshots:  0                                                                                â”‚
[INFO]   â”‚ Video:        false                                                                            â”‚
[INFO]   â”‚ Duration:     1 second                                                                         â”‚
[INFO]   â”‚ Spec Ran:     01-nifi-authentication.cy.js                                                     â”‚
[INFO]   â””â”€â”€â”€â”€â”€â”€â”€â”€â”€â”€â”€â”€â”€â”€â”€â”€â”€â”€â”€â”€â”€â”€â”€â”€â”€â”€â”€â”€â”€â”€â”€â”€â”€â”€â”€â”€â”€â”€â”€â”€â”€â”€â”€â”€â”€â”€â”€â”€â”€â”€â”€â”€â”€â”€â”€â”€â”€â”€â”€â”€â”€â”€â”€â”€â”€â”€â”€â”€â”€â”€â”€â”€â”€â”€â”€â”€â”€â”€â”€â”€â”€â”€â”€â”€â”€â”€â”€â”€â”€â”€â”€â”€â”€â”€â”€â”€â”˜
[INFO]
[INFO]
[INFO] â”€â”€â”€â”€â”€â”€â”€â”€â”€â”€â”€â”€â”€â”€â”€â”€â”€â”€â”€â”€â”€â”€â”€â”€â”€â”€â”€â”€â”€â”€â”€â”€â”€â”€â”€â”€â”€â”€â”€â”€â”€â”€â”€â”€â”€â”€â”€â”€â”€â”€â”€â”€â”€â”€â”€â”€â”€â”€â”€â”€â”€â”€â”€â”€â”€â”€â”€â”€â”€â”€â”€â”€â”€â”€â”€â”€â”€â”€â”€â”€â”€â”€â”€â”€â”€â”€â”€â”€â”€â”€â”€â”€â”€â”€â”€â”€â”€â”€â”€â”€
[INFO]
[INFO]   Running:  02-processor-testing.cy.js                                                      (2 of 3)
[INFO] Warning: The following browser launch options were provided but are not supported by electron
[INFO]
[INFO]  - args
[INFO]
[INFO]
[INFO]   JWT Processor Testing
[INFO] ğŸ—’ï¸ Browser logs saved to: /Users/oliver/git/nifi-extensions/e-2-e-cypress/target/browser-logs/browser-logs-2025-06-29T20-59-13-388Z.json
[INFO]     1) Should verify JWT processor types are available
[INFO]     2) "after each" hook for "Should verify JWT processor types are available"
[INFO] ğŸ—’ï¸ Browser logs saved to: /Users/oliver/git/nifi-extensions/e-2-e-cypress/target/browser-logs/browser-logs-2025-06-29T20-59-14-005Z.json
[INFO]
[INFO]
[INFO]   0 passing (2s)
[INFO]   2 failing
[INFO]
[INFO]   1) JWT Processor Testing
[INFO]        Should verify JWT processor types are available:
[INFO]      TypeError: cy.getJWTProcessorTypes is not a function
[INFO]       at verifyProcessorDefinition (webpack://e-2-e-cypress/./cypress/support/test-helpers.js:37:12)
[INFO]       at eval (webpack://e-2-e-cypress/./cypress/e2e/02-processor-testing.cy.js:29:32)
[INFO]       at Array.forEach (<anonymous>)
[INFO]       at Context.eval (webpack://e-2-e-cypress/./cypress/e2e/02-processor-testing.cy.js:28:64)
[INFO]       at runnable.fn (https://localhost:9095/__cypress/runner/cypress_runner.js:141791:19)
[INFO]       at callFn (https://localhost:9095/__cypress/runner/cypress_runner.js:160869:21)
[INFO]       at Runnable.run (https://localhost:9095/__cypress/runner/cypress_runner.js:160856:7)
[INFO]       at <unknown> (https://localhost:9095/__cypress/runner/cypress_runner.js:166946:30)
[INFO]       at PassThroughHandlerContext.finallyHandler (https://localhost:9095/__cypress/runner/cypress_runner.js:4042:23)
[INFO]
[INFO]   2) JWT Processor Testing
[INFO]        "after each" hook for "Should verify JWT processor types are available":
[INFO]      TypeError: cy.cleanupJWTProcessors is not a function
[INFO]
[INFO] Because this error occurred during a `after each` hook we are skipping the remaining tests in the current suite: `JWT Processor Testing`
[INFO]       at Context.eval (webpack://e-2-e-cypress/./cypress/e2e/02-processor-testing.cy.js:23:7)
[INFO]       at runnable.fn (https://localhost:9095/__cypress/runner/cypress_runner.js:141791:19)
[INFO]       at callFn (https://localhost:9095/__cypress/runner/cypress_runner.js:160869:21)
[INFO]       at Runnable.run (https://localhost:9095/__cypress/runner/cypress_runner.js:160856:7)
[INFO]       at <unknown> (https://localhost:9095/__cypress/runner/cypress_runner.js:166946:30)
[INFO]       at PassThroughHandlerContext.finallyHandler (https://localhost:9095/__cypress/runner/cypress_runner.js:4042:23)
[INFO]       at PassThroughHandlerContext.tryCatcher (https://localhost:9095/__cypress/runner/cypress_runner.js:1777:23)
[INFO]       at Promise._settlePromiseFromHandler (https://localhost:9095/__cypress/runner/cypress_runner.js:1489:31)
[INFO]       at Promise._settlePromise (https://localhost:9095/__cypress/runner/cypress_runner.js:1546:18)
[INFO]
[INFO]
[INFO]
[INFO] [mochawesome] Report JSON saved to /Users/oliver/git/nifi-extensions/e-2-e-cypress/target/tests-report/mochawesome_001.json
[INFO]
[INFO] [mochawesome] Report HTML saved to /Users/oliver/git/nifi-extensions/e-2-e-cypress/target/tests-report/mochawesome_001.html
[INFO]
[INFO]
[INFO]   (Results)
[INFO]
[INFO]   â”Œâ”€â”€â”€â”€â”€â”€â”€â”€â”€â”€â”€â”€â”€â”€â”€â”€â”€â”€â”€â”€â”€â”€â”€â”€â”€â”€â”€â”€â”€â”€â”€â”€â”€â”€â”€â”€â”€â”€â”€â”€â”€â”€â”€â”€â”€â”€â”€â”€â”€â”€â”€â”€â”€â”€â”€â”€â”€â”€â”€â”€â”€â”€â”€â”€â”€â”€â”€â”€â”€â”€â”€â”€â”€â”€â”€â”€â”€â”€â”€â”€â”€â”€â”€â”€â”€â”€â”€â”€â”€â”€â”€â”€â”€â”€â”€â”€â”
[INFO]   â”‚ Tests:        4                                                                                â”‚
[INFO]   â”‚ Passing:      0                                                                                â”‚
[INFO]   â”‚ Failing:      1                                                                                â”‚
[INFO]   â”‚ Pending:      0                                                                                â”‚
[INFO]   â”‚ Skipped:      3                                                                                â”‚
[INFO]   â”‚ Screenshots:  4                                                                                â”‚
[INFO]   â”‚ Video:        false                                                                            â”‚
[INFO]   â”‚ Duration:     1 second                                                                         â”‚
[INFO]   â”‚ Spec Ran:     02-processor-testing.cy.js                                                       â”‚
[INFO]   â””â”€â”€â”€â”€â”€â”€â”€â”€â”€â”€â”€â”€â”€â”€â”€â”€â”€â”€â”€â”€â”€â”€â”€â”€â”€â”€â”€â”€â”€â”€â”€â”€â”€â”€â”€â”€â”€â”€â”€â”€â”€â”€â”€â”€â”€â”€â”€â”€â”€â”€â”€â”€â”€â”€â”€â”€â”€â”€â”€â”€â”€â”€â”€â”€â”€â”€â”€â”€â”€â”€â”€â”€â”€â”€â”€â”€â”€â”€â”€â”€â”€â”€â”€â”€â”€â”€â”€â”€â”€â”€â”€â”€â”€â”€â”€â”€â”˜
[INFO]
[INFO]
[INFO]   (Screenshots)
[INFO]
[INFO]   -  /Users/oliver/git/nifi-extensions/e-2-e-cypress/target/cypress/screenshots/02-pr    (2560x1440)
[INFO]      ocessor-testing.cy.js/JWT Processor Testing -- Should verify JWT processor types
[INFO]       are available (failed).png
[INFO]   -  /Users/oliver/git/nifi-extensions/e-2-e-cypress/target/cypress/screenshots/02-pr    (2560x1440)
[INFO]      ocessor-testing.cy.js/JWT Processor Testing -- Should verify JWT processor types
[INFO]       are available -- after each hook (failed).png
[INFO]   -  /Users/oliver/git/nifi-extensions/e-2-e-cypress/target/cypress/screenshots/02-pr    (2560x1440)
[INFO]      ocessor-testing.cy.js/JWT Processor Testing -- Should verify JWT processor types
[INFO]       are available (failed) (attempt 2).png
[INFO]   -  /Users/oliver/git/nifi-extensions/e-2-e-cypress/target/cypress/screenshots/02-pr    (2560x1440)
[INFO]      ocessor-testing.cy.js/JWT Processor Testing -- Should verify JWT processor types
[INFO]       are available -- after each hook (failed) (attempt 2).png
[INFO]
[INFO]
[INFO] â”€â”€â”€â”€â”€â”€â”€â”€â”€â”€â”€â”€â”€â”€â”€â”€â”€â”€â”€â”€â”€â”€â”€â”€â”€â”€â”€â”€â”€â”€â”€â”€â”€â”€â”€â”€â”€â”€â”€â”€â”€â”€â”€â”€â”€â”€â”€â”€â”€â”€â”€â”€â”€â”€â”€â”€â”€â”€â”€â”€â”€â”€â”€â”€â”€â”€â”€â”€â”€â”€â”€â”€â”€â”€â”€â”€â”€â”€â”€â”€â”€â”€â”€â”€â”€â”€â”€â”€â”€â”€â”€â”€â”€â”€â”€â”€â”€â”€â”€â”€
[INFO]
[INFO]   Running:  03-processor-add-remove.cy.js                                                   (3 of 3)
[INFO] Warning: The following browser launch options were provided but are not supported by electron
[INFO]
[INFO]  - args
[INFO]
[INFO] Oops...we found an error preparing this test file:
[INFO]
[INFO]   > cypress/e2e/03-processor-add-remove.cy.js
[INFO]
[INFO] The error was:
[INFO]
[INFO] Error: Webpack Compilation Error
[INFO] Module not found: Error: Can't resolve '../../support/test-helpers.js' in '/Users/oliver/git/nifi-extensions/e-2-e-cypress/cypress/e2e'
[INFO]     at handle (/Users/oliver/Library/Caches/Cypress/14.5.0/Cypress.app/Contents/Resources/app/packages/server/node_modules/@cypress/webpack-preprocessor/dist/index.js:296:23)
[INFO]     at finalCallback (/Users/oliver/Library/Caches/Cypress/14.5.0/Cypress.app/Contents/Resources/app/node_modules/webpack/lib/Compiler.js:500:32)
[INFO]     at /Users/oliver/Library/Caches/Cypress/14.5.0/Cypress.app/Contents/Resources/app/node_modules/webpack/lib/Compiler.js:578:17
[INFO]     at /Users/oliver/Library/Caches/Cypress/14.5.0/Cypress.app/Contents/Resources/app/node_modules/webpack/lib/HookWebpackError.js:67:2
[INFO]     at Hook.eval [as callAsync] (eval at create (/Users/oliver/Library/Caches/Cypress/14.5.0/Cypress.app/Contents/Resources/app/node_modules/tapable/lib/HookCodeFactory.js:33:10), <anonymous>:6:1)
[INFO]     at Hook.CALL_ASYNC_DELEGATE [as _callAsync] (/Users/oliver/Library/Caches/Cypress/14.5.0/Cypress.app/Contents/Resources/app/node_modules/tapable/lib/Hook.js:18:14)
[INFO]     at Cache.storeBuildDependencies (/Users/oliver/Library/Caches/Cypress/14.5.0/Cypress.app/Contents/Resources/app/node_modules/webpack/lib/Cache.js:126:37)
[INFO]     at /Users/oliver/Library/Caches/Cypress/14.5.0/Cypress.app/Contents/Resources/app/node_modules/webpack/lib/Compiler.js:574:19
[INFO]     at Hook.eval [as callAsync] (eval at create (/Users/oliver/Library/Caches/Cypress/14.5.0/Cypress.app/Contents/Resources/app/node_modules/tapable/lib/HookCodeFactory.js:33:10), <anonymous>:6:1)
[INFO]     at Hook.CALL_ASYNC_DELEGATE [as _callAsync] (/Users/oliver/Library/Caches/Cypress/14.5.0/Cypress.app/Contents/Resources/app/node_modules/tapable/lib/Hook.js:18:14)
[INFO]     at /Users/oliver/Library/Caches/Cypress/14.5.0/Cypress.app/Contents/Resources/app/node_modules/webpack/lib/Compiler.js:570:23
[INFO]     at Compiler.emitRecords (/Users/oliver/Library/Caches/Cypress/14.5.0/Cypress.app/Contents/Resources/app/node_modules/webpack/lib/Compiler.js:1046:4)
[INFO]     at /Users/oliver/Library/Caches/Cypress/14.5.0/Cypress.app/Contents/Resources/app/node_modules/webpack/lib/Compiler.js:560:11
[INFO]     at /Users/oliver/Library/Caches/Cypress/14.5.0/Cypress.app/Contents/Resources/app/node_modules/webpack/lib/Compiler.js:1009:14
[INFO]     at Hook.eval [as callAsync] (eval at create (/Users/oliver/Library/Caches/Cypress/14.5.0/Cypress.app/Contents/Resources/app/node_modules/tapable/lib/HookCodeFactory.js:33:10), <anonymous>:6:1)
[INFO]     at Hook.CALL_ASYNC_DELEGATE [as _callAsync] (/Users/oliver/Library/Caches/Cypress/14.5.0/Cypress.app/Contents/Resources/app/node_modules/tapable/lib/Hook.js:18:14)
[INFO]     at /Users/oliver/Library/Caches/Cypress/14.5.0/Cypress.app/Contents/Resources/app/node_modules/webpack/lib/Compiler.js:1006:27
[INFO]     at /Users/oliver/Library/Caches/Cypress/14.5.0/Cypress.app/Contents/Resources/app/node_modules/neo-async/async.js:2818:7
[INFO]     at done (/Users/oliver/Library/Caches/Cypress/14.5.0/Cypress.app/Contents/Resources/app/node_modules/neo-async/async.js:3522:9)
[INFO]     at alreadyWritten (/Users/oliver/Library/Caches/Cypress/14.5.0/Cypress.app/Contents/Resources/app/node_modules/webpack/lib/Compiler.js:811:8)
[INFO]     at /Users/oliver/Library/Caches/Cypress/14.5.0/Cypress.app/Contents/Resources/app/node_modules/webpack/lib/Compiler.js:922:17
[INFO]     at /Users/oliver/Library/Caches/Cypress/14.5.0/Cypress.app/Contents/Resources/app/node_modules/graceful-fs/graceful-fs.js:123:16
[INFO]     at /Users/oliver/Library/Caches/Cypress/14.5.0/Cypress.app/Contents/Resources/app/packages/server/node_modules/graceful-fs/graceful-fs.js:123:16
[INFO]     at /Users/oliver/Library/Caches/Cypress/14.5.0/Cypress.app/Contents/Resources/app/packages/server/node_modules/graceful-fs/graceful-fs.js:123:16
[INFO]     at FSReqCallback.readFileAfterClose [as oncomplete] (node:internal/fs/read/context:68:3)
[INFO]
[INFO] This occurred while Cypress was compiling and bundling your test code. This is usually caused by:
[INFO]
[INFO] - A missing file or dependency
[INFO] - A syntax error in the file or one of its dependencies
[INFO]
[INFO] Fix the error in your code and re-run your tests.
[INFO]
[INFO]   (Results)
[INFO]
[INFO]   â”Œâ”€â”€â”€â”€â”€â”€â”€â”€â”€â”€â”€â”€â”€â”€â”€â”€â”€â”€â”€â”€â”€â”€â”€â”€â”€â”€â”€â”€â”€â”€â”€â”€â”€â”€â”€â”€â”€â”€â”€â”€â”€â”€â”€â”€â”€â”€â”€â”€â”€â”€â”€â”€â”€â”€â”€â”€â”€â”€â”€â”€â”€â”€â”€â”€â”€â”€â”€â”€â”€â”€â”€â”€â”€â”€â”€â”€â”€â”€â”€â”€â”€â”€â”€â”€â”€â”€â”€â”€â”€â”€â”€â”€â”€â”€â”€â”€â”
[INFO]   â”‚ Tests:        0                                                                                â”‚
[INFO]   â”‚ Passing:      0                                                                                â”‚
[INFO]   â”‚ Failing:      1                                                                                â”‚
[INFO]   â”‚ Pending:      0                                                                                â”‚
[INFO]   â”‚ Skipped:      0                                                                                â”‚
[INFO]   â”‚ Screenshots:  0                                                                                â”‚
[INFO]   â”‚ Video:        false                                                                            â”‚
[INFO]   â”‚ Duration:     0 seconds                                                                        â”‚
[INFO]   â”‚ Spec Ran:     03-processor-add-remove.cy.js                                                    â”‚
[INFO]   â””â”€â”€â”€â”€â”€â”€â”€â”€â”€â”€â”€â”€â”€â”€â”€â”€â”€â”€â”€â”€â”€â”€â”€â”€â”€â”€â”€â”€â”€â”€â”€â”€â”€â”€â”€â”€â”€â”€â”€â”€â”€â”€â”€â”€â”€â”€â”€â”€â”€â”€â”€â”€â”€â”€â”€â”€â”€â”€â”€â”€â”€â”€â”€â”€â”€â”€â”€â”€â”€â”€â”€â”€â”€â”€â”€â”€â”€â”€â”€â”€â”€â”€â”€â”€â”€â”€â”€â”€â”€â”€â”€â”€â”€â”€â”€â”€â”˜
[INFO]
[INFO]
[INFO] ================================================================================
[INFO]
[INFO]   (Run Finished)
[INFO]
[INFO]
[INFO]        Spec                                              Tests  Passing  Failing  Pending  Skipped
[INFO]   â”Œâ”€â”€â”€â”€â”€â”€â”€â”€â”€â”€â”€â”€â”€â”€â”€â”€â”€â”€â”€â”€â”€â”€â”€â”€â”€â”€â”€â”€â”€â”€â”€â”€â”€â”€â”€â”€â”€â”€â”€â”€â”€â”€â”€â”€â”€â”€â”€â”€â”€â”€â”€â”€â”€â”€â”€â”€â”€â”€â”€â”€â”€â”€â”€â”€â”€â”€â”€â”€â”€â”€â”€â”€â”€â”€â”€â”€â”€â”€â”€â”€â”€â”€â”€â”€â”€â”€â”€â”€â”€â”€â”€â”€â”€â”€â”€â”€â”
[INFO]   â”‚ âœ”  01-nifi-authentication.cy.js             00:01        3        3        -        -        - â”‚
[INFO]   â”œâ”€â”€â”€â”€â”€â”€â”€â”€â”€â”€â”€â”€â”€â”€â”€â”€â”€â”€â”€â”€â”€â”€â”€â”€â”€â”€â”€â”€â”€â”€â”€â”€â”€â”€â”€â”€â”€â”€â”€â”€â”€â”€â”€â”€â”€â”€â”€â”€â”€â”€â”€â”€â”€â”€â”€â”€â”€â”€â”€â”€â”€â”€â”€â”€â”€â”€â”€â”€â”€â”€â”€â”€â”€â”€â”€â”€â”€â”€â”€â”€â”€â”€â”€â”€â”€â”€â”€â”€â”€â”€â”€â”€â”€â”€â”€â”€â”¤
[INFO]   â”‚ âœ–  02-processor-testing.cy.js               00:01        4        -        1        -        3 â”‚
[INFO]   â”œâ”€â”€â”€â”€â”€â”€â”€â”€â”€â”€â”€â”€â”€â”€â”€â”€â”€â”€â”€â”€â”€â”€â”€â”€â”€â”€â”€â”€â”€â”€â”€â”€â”€â”€â”€â”€â”€â”€â”€â”€â”€â”€â”€â”€â”€â”€â”€â”€â”€â”€â”€â”€â”€â”€â”€â”€â”€â”€â”€â”€â”€â”€â”€â”€â”€â”€â”€â”€â”€â”€â”€â”€â”€â”€â”€â”€â”€â”€â”€â”€â”€â”€â”€â”€â”€â”€â”€â”€â”€â”€â”€â”€â”€â”€â”€â”€â”¤
[INFO]   â”‚ âœ–  03-processor-add-remove.cy.js              0ms        -        -        1        -        - â”‚
[INFO]   â””â”€â”€â”€â”€â”€â”€â”€â”€â”€â”€â”€â”€â”€â”€â”€â”€â”€â”€â”€â”€â”€â”€â”€â”€â”€â”€â”€â”€â”€â”€â”€â”€â”€â”€â”€â”€â”€â”€â”€â”€â”€â”€â”€â”€â”€â”€â”€â”€â”€â”€â”€â”€â”€â”€â”€â”€â”€â”€â”€â”€â”€â”€â”€â”€â”€â”€â”€â”€â”€â”€â”€â”€â”€â”€â”€â”€â”€â”€â”€â”€â”€â”€â”€â”€â”€â”€â”€â”€â”€â”€â”€â”€â”€â”€â”€â”€â”˜
[INFO]     âœ–  2 of 3 failed (67%)                      00:03        7        3        2        -        3
[INFO]
[INFO] ------------------------------------------------------------------------
[INFO] BUILD FAILURE
[INFO] ------------------------------------------------------------------------
[INFO] Total time:  38.829 s
[INFO] Finished at: 2025-06-29T22:59:16+02:00
[INFO] ------------------------------------------------------------------------
[ERROR] Failed to execute goal com.github.eirslett:frontend-maven-plugin:1.15.1:npm (cypress-tests) on project e-2-e-cypress: Failed to run task: 'npm run cypress:run' failed. org.apache.commons.exec.ExecuteException: Process exited with an error: 2 (Exit value: 2) -> [Help 1]
[ERROR]
[ERROR] To see the full stack trace of the errors, re-run Maven with the -e switch.
[ERROR] Re-run Maven using the -X switch to enable full debug logging.
[ERROR]
[ERROR] For more information about the errors and possible solutions, please read the following articles:
[ERROR] [Help 1] http://cwiki.apache.org/confluence/display/MAVEN/MojoFailureException
