TN:
SF:src/main/webapp/js/bundle.js
FN:10,(anonymous_0)
FN:20,(anonymous_1)
FNF:2
FNH:0
FNDA:0,(anonymous_0)
FNDA:0,(anonymous_1)
DA:6,0
DA:13,0
DA:16,0
DA:21,0
DA:24,0
DA:25,0
DA:26,0
DA:27,0
DA:28,0
DA:30,0
LF:10
LH:0
BRDA:24,0,0,0
BRDA:24,0,1,0
BRDA:24,1,0,0
BRDA:24,1,1,0
BRDA:24,1,2,0
BRDA:27,2,0,0
BRDA:27,2,1,0
BRF:7
BRH:0
end_of_record
TN:
SF:src/main/webapp/js/main.js
FN:13,(anonymous_0)
FN:21,(anonymous_1)
FN:46,(anonymous_2)
FN:48,(anonymous_3)
FN:69,(anonymous_4)
FN:87,(anonymous_5)
FN:111,(anonymous_6)
FN:120,(anonymous_7)
FN:133,(anonymous_8)
FN:144,(anonymous_9)
FN:152,(anonymous_10)
FN:162,(anonymous_11)
FN:165,(anonymous_12)
FN:180,(anonymous_13)
FNF:14
FNH:0
FNDA:0,(anonymous_0)
FNDA:0,(anonymous_1)
FNDA:0,(anonymous_2)
FNDA:0,(anonymous_3)
FNDA:0,(anonymous_4)
FNDA:0,(anonymous_5)
FNDA:0,(anonymous_6)
FNDA:0,(anonymous_7)
FNDA:0,(anonymous_8)
FNDA:0,(anonymous_9)
FNDA:0,(anonymous_10)
FNDA:0,(anonymous_11)
FNDA:0,(anonymous_12)
FNDA:0,(anonymous_13)
DA:5,0
DA:18,0
DA:21,0
DA:23,0
DA:24,0
DA:28,0
DA:31,0
DA:34,0
DA:37,0
DA:40,0
DA:46,0
DA:48,0
DA:49,0
DA:50,0
DA:52,0
DA:53,0
DA:58,0
DA:60,0
DA:61,0
DA:69,0
DA:70,0
DA:71,0
DA:72,0
DA:77,0
DA:87,0
DA:89,0
DA:102,0
DA:105,0
DA:111,0
DA:112,0
DA:113,0
DA:114,0
DA:120,0
DA:122,0
DA:125,0
DA:129,0
DA:135,0
DA:138,0
DA:139,0
DA:141,0
DA:144,0
DA:145,0
DA:147,0
DA:152,0
DA:153,0
DA:156,0
DA:159,0
DA:162,0
DA:163,0
DA:165,0
DA:166,0
DA:168,0
DA:169,0
DA:171,0
DA:180,0
DA:182,0
DA:184,0
LF:57
LH:0
BRDA:18,0,0,0
BRDA:18,0,1,0
BRDA:23,1,0,0
BRDA:23,1,1,0
BRDA:52,2,0,0
BRDA:52,2,1,0
BRDA:60,3,0,0
BRDA:60,3,1,0
BRDA:71,4,0,0
BRDA:71,4,1,0
BRDA:105,5,0,0
BRDA:105,5,1,0
BRDA:138,6,0,0
BRDA:138,6,1,0
BRDA:138,7,0,0
BRDA:138,7,1,0
BRDA:138,7,2,0
BRDA:163,8,0,0
BRDA:163,8,1,0
BRDA:168,9,0,0
BRDA:168,9,1,0
BRF:21
BRH:0
end_of_record
TN:
SF:src/main/webapp/js/nf-common-mock.js
FN:5,(anonymous_0)
FN:19,(anonymous_1)
FN:30,(anonymous_2)
FN:45,(anonymous_3)
FN:97,(anonymous_4)
FN:106,(anonymous_5)
FN:111,(anonymous_6)
FN:115,(anonymous_7)
FN:136,(anonymous_8)
FN:175,(anonymous_9)
FN:190,(anonymous_10)
FNF:11
FNH:0
FNDA:0,(anonymous_0)
FNDA:0,(anonymous_1)
FNDA:0,(anonymous_2)
FNDA:0,(anonymous_3)
FNDA:0,(anonymous_4)
FNDA:0,(anonymous_5)
FNDA:0,(anonymous_6)
FNDA:0,(anonymous_7)
FNDA:0,(anonymous_8)
FNDA:0,(anonymous_9)
FNDA:0,(anonymous_10)
DA:5,0
DA:8,0
DA:11,0
DA:20,0
DA:23,0
DA:24,0
DA:25,0
DA:26,0
DA:27,0
DA:28,0
DA:29,0
DA:30,0
DA:31,0
DA:34,0
DA:46,0
DA:49,0
DA:50,0
DA:51,0
DA:52,0
DA:53,0
DA:54,0
DA:57,0
DA:58,0
DA:59,0
DA:60,0
DA:64,0
DA:67,0
DA:68,0
DA:69,0
DA:70,0
DA:71,0
DA:74,0
DA:75,0
DA:76,0
DA:77,0
DA:80,0
DA:81,0
DA:82,0
DA:83,0
DA:86,0
DA:87,0
DA:88,0
DA:91,0
DA:94,0
DA:95,0
DA:96,0
DA:97,0
DA:98,0
DA:101,0
DA:106,0
DA:108,0
DA:109,0
DA:111,0
DA:112,0
DA:115,0
DA:116,0
DA:120,0
DA:121,0
DA:125,0
DA:126,0
DA:127,0
DA:137,0
DA:176,0
DA:191,0
DA:192,0
DA:194,0
LF:66
LH:0
BRDA:23,0,0,0
BRDA:23,0,1,0
BRDA:23,1,0,0
BRDA:23,1,1,0
BRDA:30,2,0,0
BRDA:30,2,1,0
BRDA:50,3,0,0
BRDA:50,3,1,0
BRDA:94,4,0,0
BRDA:94,4,1,0
BRDA:94,5,0,0
BRDA:94,5,1,0
BRDA:125,6,0,0
BRDA:125,6,1,0
BRDA:191,7,0,0
BRDA:191,7,1,0
BRF:16
BRH:0
end_of_record
TN:
SF:src/main/webapp/js/nf-jwt-validator.js
FN:6,(anonymous_0)
FN:10,(anonymous_1)
FN:14,(anonymous_2)
FNF:3
FNH:0
FNDA:0,(anonymous_0)
FNDA:0,(anonymous_1)
FNDA:0,(anonymous_2)
DA:6,0
DA:10,0
DA:11,0
DA:14,0
DA:15,0
DA:18,0
DA:19,0
DA:20,0
DA:21,0
DA:22,0
DA:24,0
DA:27,0
LF:12
LH:0
BRDA:18,0,0,0
BRDA:18,0,1,0
BRDA:18,1,0,0
BRDA:18,1,1,0
BRDA:18,1,2,0
BRDA:21,2,0,0
BRDA:21,2,1,0
BRF:7
BRH:0
end_of_record
TN:
SF:src/main/webapp/js/components/issuerConfigEditor.js
FN:11,(anonymous_0)
FN:28,(anonymous_1)
FN:46,(anonymous_2)
FN:62,(anonymous_3)
FN:74,(anonymous_4)
FN:90,(anonymous_5)
FN:96,(anonymous_6)
FN:113,(anonymous_7)
FN:117,(anonymous_8)
FN:146,(anonymous_9)
FN:164,(anonymous_10)
FN:187,(anonymous_11)
FN:203,(anonymous_12)
FN:216,(anonymous_13)
FN:254,(anonymous_14)
FN:268,(anonymous_15)
FN:292,(anonymous_16)
FN:322,(anonymous_17)
FN:332,(anonymous_18)
FN:336,(anonymous_19)
FN:357,(anonymous_20)
FN:368,(anonymous_21)
FN:374,(anonymous_22)
FN:382,(anonymous_23)
FN:386,(anonymous_24)
FN:391,(anonymous_25)
FN:417,(anonymous_26)
FNF:27
FNH:0
FNDA:0,(anonymous_0)
FNDA:0,(anonymous_1)
FNDA:0,(anonymous_2)
FNDA:0,(anonymous_3)
FNDA:0,(anonymous_4)
FNDA:0,(anonymous_5)
FNDA:0,(anonymous_6)
FNDA:0,(anonymous_7)
FNDA:0,(anonymous_8)
FNDA:0,(anonymous_9)
FNDA:0,(anonymous_10)
FNDA:0,(anonymous_11)
FNDA:0,(anonymous_12)
FNDA:0,(anonymous_13)
FNDA:0,(anonymous_14)
FNDA:0,(anonymous_15)
FNDA:0,(anonymous_16)
FNDA:0,(anonymous_17)
FNDA:0,(anonymous_18)
FNDA:0,(anonymous_19)
FNDA:0,(anonymous_20)
FNDA:0,(anonymous_21)
FNDA:0,(anonymous_22)
FNDA:0,(anonymous_23)
FNDA:0,(anonymous_24)
FNDA:0,(anonymous_25)
FNDA:0,(anonymous_26)
DA:6,0
DA:15,0
DA:18,0
DA:19,0
DA:20,0
DA:28,0
DA:30,0
DA:33,0
DA:36,0
DA:39,0
DA:42,0
DA:45,0
DA:46,0
DA:47,0
DA:51,0
DA:54,0
DA:62,0
DA:64,0
DA:65,0
DA:66,0
DA:74,0
DA:75,0
DA:76,0
DA:78,0
DA:84,0
DA:87,0
DA:89,0
DA:92,0
DA:93,0
DA:96,0
DA:97,0
DA:98,0
DA:99,0
DA:100,0
DA:101,0
DA:103,0
DA:104,0
DA:107,0
DA:113,0
DA:114,0
DA:118,0
DA:120,0
DA:128,0
DA:130,0
DA:146,0
DA:148,0
DA:151,0
DA:154,0
DA:155,0
DA:158,0
DA:159,0
DA:163,0
DA:164,0
DA:165,0
DA:169,0
DA:172,0
DA:175,0
DA:178,0
DA:179,0
DA:180,0
DA:181,0
DA:183,0
DA:184,0
DA:187,0
DA:189,0
DA:192,0
DA:194,0
DA:196,0
DA:204,0
DA:205,0
DA:211,0
DA:217,0
DA:220,0
DA:221,0
DA:222,0
DA:228,0
DA:235,0
DA:238,0
DA:247,0
DA:250,0
DA:253,0
DA:254,0
DA:255,0
DA:268,0
DA:269,0
DA:272,0
DA:273,0
DA:276,0
DA:279,0
DA:280,0
DA:284,0
DA:292,0
DA:294,0
DA:297,0
DA:299,0
DA:300,0
DA:304,0
DA:312,0
DA:314,0
DA:315,0
DA:319,0
DA:322,0
DA:323,0
DA:324,0
DA:329,0
DA:330,0
DA:331,0
DA:334,0
DA:337,0
DA:338,0
DA:341,0
DA:342,0
DA:346,0
DA:347,0
DA:357,0
DA:359,0
DA:361,0
DA:364,0
DA:365,0
DA:367,0
DA:370,0
DA:371,0
DA:374,0
DA:375,0
DA:376,0
DA:381,0
DA:384,0
DA:387,0
DA:388,0
DA:392,0
DA:393,0
DA:396,0
DA:397,0
DA:401,0
DA:402,0
DA:408,0
DA:418,0
DA:419,0
DA:421,0
DA:422,0
DA:423,0
DA:424,0
DA:426,0
DA:429,0
DA:430,0
DA:431,0
DA:434,0
DA:435,0
DA:438,0
DA:439,0
DA:440,0
LF:151
LH:0
BRDA:15,0,0,0
BRDA:15,0,1,0
BRDA:30,1,0,0
BRDA:30,1,1,0
BRDA:66,2,0,0
BRDA:66,2,1,0
BRDA:75,3,0,0
BRDA:75,3,1,0
BRDA:92,4,0,0
BRDA:92,4,1,0
BRDA:97,5,0,0
BRDA:97,5,1,0
BRDA:99,6,0,0
BRDA:99,6,1,0
BRDA:103,7,0,0
BRDA:103,7,1,0
BRDA:158,8,0,0
BRDA:158,8,1,0
BRDA:172,9,0,0
BRDA:172,9,1,0
BRDA:175,10,0,0
BRDA:175,10,1,0
BRDA:192,11,0,0
BRDA:192,11,1,0
BRDA:204,12,0,0
BRDA:204,12,1,0
BRDA:206,13,0,0
BRDA:206,13,1,0
BRDA:207,14,0,0
BRDA:207,14,1,0
BRDA:209,15,0,0
BRDA:209,15,1,0
BRDA:212,16,0,0
BRDA:212,16,1,0
BRDA:213,17,0,0
BRDA:213,17,1,0
BRDA:220,18,0,0
BRDA:220,18,1,0
BRDA:220,19,0,0
BRDA:220,19,1,0
BRDA:223,20,0,0
BRDA:223,20,1,0
BRDA:224,21,0,0
BRDA:224,21,1,0
BRDA:225,22,0,0
BRDA:225,22,1,0
BRDA:229,23,0,0
BRDA:229,23,1,0
BRDA:230,24,0,0
BRDA:230,24,1,0
BRDA:231,25,0,0
BRDA:231,25,1,0
BRDA:231,25,2,0
BRDA:239,26,0,0
BRDA:239,26,1,0
BRDA:240,27,0,0
BRDA:240,27,1,0
BRDA:241,28,0,0
BRDA:241,28,1,0
BRDA:247,29,0,0
BRDA:247,29,1,0
BRDA:250,30,0,0
BRDA:250,30,1,0
BRDA:279,31,0,0
BRDA:279,31,1,0
BRDA:297,32,0,0
BRDA:297,32,1,0
BRDA:312,33,0,0
BRDA:312,33,1,0
BRDA:312,34,0,0
BRDA:312,34,1,0
BRDA:323,35,0,0
BRDA:323,35,1,0
BRDA:329,36,0,0
BRDA:329,36,1,0
BRDA:359,37,0,0
BRDA:359,37,1,0
BRDA:364,38,0,0
BRDA:364,38,1,0
BRDA:364,39,0,0
BRDA:364,39,1,0
BRDA:370,40,0,0
BRDA:370,40,1,0
BRDA:375,41,0,0
BRDA:375,41,1,0
BRDA:421,42,0,0
BRDA:421,42,1,0
BRDA:423,43,0,0
BRDA:423,43,1,0
BRDA:434,44,0,0
BRDA:434,44,1,0
BRDA:439,45,0,0
BRDA:439,45,1,0
BRF:93
BRH:0
end_of_record
TN:
SF:src/main/webapp/js/components/jwksValidator.js
FN:4,(anonymous_0)
FN:14,(anonymous_1)
FN:47,(anonymous_2)
FN:63,(anonymous_3)
FN:76,(anonymous_4)
FN:116,(anonymous_5)
FN:117,(anonymous_6)
FN:118,(anonymous_7)
FNF:8
FNH:0
FNDA:0,(anonymous_0)
FNDA:0,(anonymous_1)
FNDA:0,(anonymous_2)
FNDA:0,(anonymous_3)
FNDA:0,(anonymous_4)
FNDA:0,(anonymous_5)
FNDA:0,(anonymous_6)
FNDA:0,(anonymous_7)
DA:4,0
DA:5,0
DA:16,0
DA:18,0
DA:21,0
DA:24,0
DA:26,0
DA:28,0
DA:31,0
DA:34,0
DA:36,0
DA:37,0
DA:40,0
DA:43,0
DA:47,0
DA:49,0
DA:52,0
DA:54,0
DA:56,0
DA:64,0
DA:65,0
DA:71,0
DA:77,0
DA:80,0
DA:81,0
DA:82,0
DA:88,0
DA:95,0
DA:98,0
DA:107,0
DA:110,0
DA:114,0
DA:115,0
DA:116,0
DA:117,0
DA:118,0
LF:36
LH:0
BRDA:16,0,0,0
BRDA:16,0,1,0
BRDA:24,1,0,0
BRDA:24,1,1,0
BRDA:34,2,0,0
BRDA:34,2,1,0
BRDA:49,3,0,0
BRDA:49,3,1,0
BRDA:52,4,0,0
BRDA:52,4,1,0
BRDA:64,5,0,0
BRDA:64,5,1,0
BRDA:66,6,0,0
BRDA:66,6,1,0
BRDA:67,7,0,0
BRDA:67,7,1,0
BRDA:69,8,0,0
BRDA:69,8,1,0
BRDA:72,9,0,0
BRDA:72,9,1,0
BRDA:73,10,0,0
BRDA:73,10,1,0
BRDA:80,11,0,0
BRDA:80,11,1,0
BRDA:80,12,0,0
BRDA:80,12,1,0
BRDA:83,13,0,0
BRDA:83,13,1,0
BRDA:84,14,0,0
BRDA:84,14,1,0
BRDA:85,15,0,0
BRDA:85,15,1,0
BRDA:89,16,0,0
BRDA:89,16,1,0
BRDA:90,17,0,0
BRDA:90,17,1,0
BRDA:91,18,0,0
BRDA:91,18,1,0
BRDA:91,18,2,0
BRDA:99,19,0,0
BRDA:99,19,1,0
BRDA:100,20,0,0
BRDA:100,20,1,0
BRDA:101,21,0,0
BRDA:101,21,1,0
BRDA:114,22,0,0
BRDA:114,22,1,0
BRF:47
BRH:0
end_of_record
TN:
SF:src/main/webapp/js/components/tokenVerifier.js
FN:4,(anonymous_0)
FN:14,(anonymous_1)
FN:47,(anonymous_2)
FN:69,(anonymous_3)
FN:75,(anonymous_4)
FN:144,displayValidToken
FN:197,displayInvalidToken
FN:227,(anonymous_7)
FNF:8
FNH:0
FNDA:0,(anonymous_0)
FNDA:0,(anonymous_1)
FNDA:0,(anonymous_2)
FNDA:0,(anonymous_3)
FNDA:0,(anonymous_4)
FNDA:0,displayValidToken
FNDA:0,displayInvalidToken
FNDA:0,(anonymous_7)
DA:4,0
DA:5,0
DA:16,0
DA:18,0
DA:21,0
DA:24,0
DA:25,0
DA:26,0
DA:28,0
DA:31,0
DA:34,0
DA:35,0
DA:36,0
DA:38,0
DA:41,0
DA:44,0
DA:47,0
DA:48,0
DA:50,0
DA:51,0
DA:53,0
DA:57,0
DA:60,0
DA:62,0
DA:70,0
DA:71,0
DA:73,0
DA:76,0
DA:79,0
DA:80,0
DA:83,0
DA:104,0
DA:107,0
DA:115,0
DA:119,0
DA:140,0
DA:146,0
DA:150,0
DA:151,0
DA:154,0
DA:157,0
DA:158,0
DA:159,0
DA:162,0
DA:164,0
DA:166,0
DA:168,0
DA:172,0
DA:173,0
DA:178,0
DA:179,0
DA:184,0
DA:187,0
DA:188,0
DA:191,0
DA:193,0
DA:199,0
DA:205,0
DA:206,0
DA:207,0
DA:209,0
DA:210,0
DA:215,0
DA:217,0
DA:222,0
DA:225,0
DA:226,0
DA:227,0
LF:68
LH:0
BRDA:16,0,0,0
BRDA:16,0,1,0
BRDA:50,1,0,0
BRDA:50,1,1,0
BRDA:52,2,0,0
BRDA:52,2,1,0
BRDA:58,3,0,0
BRDA:58,3,1,0
BRDA:70,4,0,0
BRDA:70,4,1,0
BRDA:79,5,0,0
BRDA:79,5,1,0
BRDA:79,6,0,0
BRDA:79,6,1,0
BRDA:109,7,0,0
BRDA:109,7,1,0
BRDA:110,8,0,0
BRDA:110,8,1,0
BRDA:110,8,2,0
BRDA:148,9,0,0
BRDA:148,9,1,0
BRDA:150,10,0,0
BRDA:150,10,1,0
BRDA:158,11,0,0
BRDA:158,11,1,0
BRDA:162,12,0,0
BRDA:162,12,1,0
BRDA:163,13,0,0
BRDA:163,13,1,0
BRDA:164,14,0,0
BRDA:164,14,1,0
BRDA:165,15,0,0
BRDA:165,15,1,0
BRDA:166,16,0,0
BRDA:166,16,1,0
BRDA:167,17,0,0
BRDA:167,17,1,0
BRDA:168,18,0,0
BRDA:168,18,1,0
BRDA:169,19,0,0
BRDA:169,19,1,0
BRDA:172,20,0,0
BRDA:172,20,1,0
BRDA:172,21,0,0
BRDA:172,21,1,0
BRDA:173,22,0,0
BRDA:173,22,1,0
BRDA:178,23,0,0
BRDA:178,23,1,0
BRDA:178,24,0,0
BRDA:178,24,1,0
BRDA:179,25,0,0
BRDA:179,25,1,0
BRDA:187,26,0,0
BRDA:187,26,1,0
BRDA:201,27,0,0
BRDA:201,27,1,0
BRDA:206,28,0,0
BRDA:206,28,1,0
BRDA:209,29,0,0
BRDA:209,29,1,0
BRDA:211,30,0,0
BRDA:211,30,1,0
BRDA:225,31,0,0
BRDA:225,31,1,0
BRF:65
BRH:0
end_of_record
TN:
SF:src/main/webapp/js/services/apiClient.js
FN:5,(anonymous_0)
FN:19,(anonymous_1)
FN:48,(anonymous_2)
FN:55,(anonymous_3)
FN:57,(anonymous_4)
FN:69,(anonymous_5)
FN:76,(anonymous_6)
FN:78,(anonymous_7)
FN:90,(anonymous_8)
FN:97,(anonymous_9)
FN:99,(anonymous_10)
FN:111,(anonymous_11)
FN:118,(anonymous_12)
FN:120,(anonymous_13)
FN:131,(anonymous_14)
FN:136,(anonymous_15)
FN:138,(anonymous_16)
FN:149,(anonymous_17)
FN:164,(anonymous_18)
FN:170,(anonymous_19)
FNF:20
FNH:0
FNDA:0,(anonymous_0)
FNDA:0,(anonymous_1)
FNDA:0,(anonymous_2)
FNDA:0,(anonymous_3)
FNDA:0,(anonymous_4)
FNDA:0,(anonymous_5)
FNDA:0,(anonymous_6)
FNDA:0,(anonymous_7)
FNDA:0,(anonymous_8)
FNDA:0,(anonymous_9)
FNDA:0,(anonymous_10)
FNDA:0,(anonymous_11)
FNDA:0,(anonymous_12)
FNDA:0,(anonymous_13)
FNDA:0,(anonymous_14)
FNDA:0,(anonymous_15)
FNDA:0,(anonymous_16)
FNDA:0,(anonymous_17)
FNDA:0,(anonymous_18)
FNDA:0,(anonymous_19)
DA:5,0
DA:11,0
DA:19,0
DA:22,0
DA:24,0
DA:25,0
DA:28,0
DA:35,0
DA:36,0
DA:40,0
DA:49,0
DA:56,0
DA:58,0
DA:70,0
DA:77,0
DA:79,0
DA:91,0
DA:98,0
DA:100,0
DA:112,0
DA:119,0
DA:121,0
DA:132,0
DA:137,0
DA:139,0
DA:150,0
DA:166,0
DA:172,0
DA:181,0
LF:29
LH:0
BRDA:25,0,0,0
BRDA:25,0,1,0
BRDA:25,0,2,0
BRDA:28,1,0,0
BRDA:28,1,1,0
BRDA:35,2,0,0
BRDA:35,2,1,0
BRF:7
BRH:0
end_of_record
TN:
SF:src/main/webapp/js/utils/formatters.js
FN:4,(anonymous_0)
FN:14,(anonymous_1)
FN:46,(anonymous_2)
FN:86,(anonymous_3)
FN:136,(anonymous_4)
FN:151,(anonymous_5)
FNF:6
FNH:0
FNDA:0,(anonymous_0)
FNDA:0,(anonymous_1)
FNDA:0,(anonymous_2)
FNDA:0,(anonymous_3)
FNDA:0,(anonymous_4)
FNDA:0,(anonymous_5)
DA:4,0
DA:7,0
DA:15,0
DA:16,0
DA:19,0
DA:20,0
DA:22,0
DA:25,0
DA:27,0
DA:29,0
DA:31,0
DA:35,0
DA:36,0
DA:47,0
DA:48,0
DA:51,0
DA:52,0
DA:53,0
DA:55,0
DA:56,0
DA:57,0
DA:59,0
DA:61,0
DA:62,0
DA:65,0
DA:66,0
DA:69,0
DA:70,0
DA:73,0
DA:74,0
DA:77,0
DA:87,0
DA:88,0
DA:91,0
DA:92,0
DA:93,0
DA:94,0
DA:95,0
DA:97,0
DA:99,0
DA:100,0
DA:103,0
DA:104,0
DA:108,0
DA:109,0
DA:110,0
DA:113,0
DA:121,0
DA:122,0
DA:137,0
DA:138,0
DA:142,0
DA:152,0
DA:153,0
DA:156,0
LF:55
LH:0
BRDA:15,0,0,0
BRDA:15,0,1,0
BRDA:22,1,0,0
BRDA:22,1,1,0
BRDA:25,2,0,0
BRDA:25,2,1,0
BRDA:47,3,0,0
BRDA:47,3,1,0
BRDA:47,4,0,0
BRDA:47,4,1,0
BRDA:61,5,0,0
BRDA:61,5,1,0
BRDA:62,6,0,0
BRDA:62,6,1,0
BRDA:65,7,0,0
BRDA:65,7,1,0
BRDA:66,8,0,0
BRDA:66,8,1,0
BRDA:69,9,0,0
BRDA:69,9,1,0
BRDA:70,10,0,0
BRDA:70,10,1,0
BRDA:73,11,0,0
BRDA:73,11,1,0
BRDA:73,12,0,0
BRDA:73,12,1,0
BRDA:74,13,0,0
BRDA:74,13,1,0
BRDA:87,14,0,0
BRDA:87,14,1,0
BRDA:93,15,0,0
BRDA:93,15,1,0
BRDA:94,16,0,0
BRDA:94,16,1,0
BRDA:95,17,0,0
BRDA:95,17,1,0
BRDA:137,18,0,0
BRDA:137,18,1,0
BRDA:137,19,0,0
BRDA:137,19,1,0
BRDA:152,20,0,0
BRDA:152,20,1,0
BRF:42
BRH:0
end_of_record
TN:
SF:src/main/webapp/js/utils/i18n.js
FN:5,(anonymous_0)
FN:149,(anonymous_1)
FN:166,(anonymous_2)
FN:179,(anonymous_3)
FN:188,(anonymous_4)
FN:199,(anonymous_5)
FN:211,(anonymous_6)
FNF:7
FNH:0
FNDA:0,(anonymous_0)
FNDA:0,(anonymous_1)
FNDA:0,(anonymous_2)
FNDA:0,(anonymous_3)
FNDA:0,(anonymous_4)
FNDA:0,(anonymous_5)
FNDA:0,(anonymous_6)
DA:5,0
DA:9,0
DA:12,0
DA:15,0
DA:149,0
DA:151,0
DA:154,0
DA:157,0
DA:166,0
DA:167,0
DA:168,0
DA:169,0
DA:171,0
DA:179,0
DA:180,0
DA:188,0
DA:189,0
DA:199,0
DA:201,0
DA:204,0
DA:207,0
DA:210,0
DA:211,0
DA:212,0
DA:216,0
DA:220,0
DA:223,0
LF:27
LH:0
BRDA:151,0,0,0
BRDA:151,0,1,0
BRDA:151,0,2,0
BRDA:157,1,0,0
BRDA:157,1,1,0
BRDA:167,2,0,0
BRDA:167,2,1,0
BRDA:201,3,0,0
BRDA:201,3,1,0
BRDA:204,4,0,0
BRDA:204,4,1,0
BRDA:207,5,0,0
BRDA:207,5,1,0
BRDA:207,5,2,0
BRDA:210,6,0,0
BRDA:210,6,1,0
BRF:16
BRH:0
end_of_record
