{"/app/amd-jest-test/src/myModule.js": {"path":"/app/amd-jest-test/src/myModule.js","statementMap":{"0":{"start":{"line":3,"column":4},"end":{"line":5,"column":5}},"1":{"start":{"line":4,"column":6},"end":{"line":4,"column":32}},"2":{"start":{"line":6,"column":4},"end":{"line":6,"column":34}},"3":{"start":{"line":9,"column":2},"end":{"line":11,"column":4}}},"fnMap":{"0":{"name":"greet","decl":{"start":{"line":2,"column":11},"end":{"line":2,"column":16}},"loc":{"start":{"line":2,"column":23},"end":{"line":7,"column":3}},"line":2}},"branchMap":{"0":{"loc":{"start":{"line":3,"column":4},"end":{"line":5,"column":5}},"type":"if","locations":[{"start":{"line":3,"column":4},"end":{"line":5,"column":5}},{"start":{},"end":{}}],"line":3}},"s":{"0":2,"1":1,"2":1,"3":1},"f":{"0":2},"b":{"0":[1,1]},"_coverageSchema":"1a1c01bbd47fc00a2c39e90264f33305004495a9","hash":"bd6a751fb18bd77b6532794934979d08c38e2837"}
}
